aà
UPDATE?impossible	id: 22871	ancien code:DMORIE094J	nouveau code:JDM234937J/JDM
UPDATE?impossible	id:  6615	ancien code:JJFLO031AH	nouveau code:JJJ106576AH/JJJ
UPDATE?impossible	id: 22947	ancien code:JJFLO277	nouveau code:JJJ224742/JJJ
UPDATE?impossible	id: 13659	ancien code:FJORIE074D	nouveau code:FJJ231488D/FJJ
UPDATE?impossible	id:  6810	ancien code:SFORIE191	nouveau code:SYL232413/SYL
UPDATE?impossible	id: 18341	ancien code:SLCR045A	nouveau code:SLT231577A/SLT
UPDATE?impossible	id: 16679	ancien code:BXCITR006D	nouveau code:ABX104620D/ABX
UPDATE?impossible	id: 13052	ancien code:FJFRUI053K	nouveau code:FJJ112344K/FJJ
UPDATE?impossible	id: 10736	ancien code:KFWOOD025BE	nouveau code:FIK228868BE/FIK
UPDATE?impossible	id: 22656	ancien code:BPORIE104CT	nouveau code:BPM161862CT/BPM
UPDATE?impossible	id: 16641	ancien code:BXAROM023D	nouveau code:ABX234610D/ABX
UPDATE?impossible	id: 16957	ancien code:BXFLO064B	nouveau code:ABX234296B/ABX
UPDATE?impossible	id: 22567	ancien code:BXDG019D	nouveau code:ABX164830D/ABX
UPDATE?impossible	id: 22077	ancien code:KSCR159B	nouveau code:KSE235078B/KSE
UPDATE?impossible	id: 20586	ancien code:FJMUSK020AA	nouveau code:FJJ233162AA/FJJ
UPDATE?impossible	id: 20404	ancien code:FJJS012D	nouveau code:FJJ234641D/FJJ
UPDATE?impossible	id: 11655	ancien code:SFWOOD337M	nouveau code:SYL234260M/SYL
UPDATE?impossible	id: 21359	ancien code:BLFRUI158	nouveau code:BIL235180/BIL
UPDATE?impossible	id: 21994	ancien code:KFFLO101AH	nouveau code:FIK233026AH/FIK
UPDATE?impossible	id: 22164	ancien code:KSCR049N	nouveau code:KSE234575N/KSE
UPDATE?impossible	id: 12237	ancien code:FJAROM006AG	nouveau code:FJJ031264AG/FJJ
UPDATE?impossible	id: 19015	ancien code: KSCR008	nouveau code:KSE234278/KSE
UPDATE?impossible	id: 23398	ancien code:DMORIE064E	nouveau code:JDM233966E/JDM
UPDATE?impossible	id: 21874	ancien code:BXAROM027B	nouveau code:ABX235296B/ABX
UPDATE?impossible	id: 17172	ancien code:BXFRUI033	nouveau code:ABX235480/ABX
UPDATE?impossible	id: 19480	ancien code:BLWOOD062	nouveau code:BIL235710/BIL
UPDATE?impossible	id: 16661	ancien code:JJWOOD248A	nouveau code:JJJ233686A/JJJ
UPDATE?impossible	id: 12482	ancien code:FJFLO036V	nouveau code:FJJ226384V/FJJ
UPDATE?impossible	id: 21381	ancien code:FJCHYP019B	nouveau code:FJJ234912B/FJJ
UPDATE?impossible	id: 21769	ancien code:MLKF017T	nouveau code:MLE234878T/MLE
UPDATE?impossible	id: 22744	ancien code:JJAN049H	nouveau code:JJJ235313H/JJJ
UPDATE?impossible	id: 21891	ancien code:SFWOOD351O	nouveau code:SYL092510O/SYL
UPDATE?impossible	id: 21739	ancien code:SFFLO134B	nouveau code:SYL086953B/SYL
UPDATE?impossible	id: 21178	ancien code:FJFLO275CF	nouveau code:FJJ142038CF/FJJ
UPDATE?impossible	id: 21556	ancien code:FJFLO534	nouveau code:FJJ235843/FJJ
UPDATE?impossible	id: 21279	ancien code:BLFLO109AS	nouveau code:BIL182619AS/BIL
UPDATE?impossible	id: 12752	ancien code:FJFLO320H	nouveau code:FJJ104632H/FJJ
UPDATE?impossible	id: 18690	ancien code:FJCITR016FH	nouveau code:FJJ030385FH/FJJ
UPDATE?impossible	id: 21814	ancien code:SFFLO562	nouveau code:SYL235644/SYL
UPDATE?impossible	id: 22226	ancien code:BLCITR085T	nouveau code:BIL235340T/BIL
UPDATE?impossible	id: 22273	ancien code:BLCITR085X	nouveau code:BIL235340X/BIL
UPDATE?impossible	id: 22084	ancien code:BLCITR085O	nouveau code:BIL235340O/BIL
UPDATE?impossible	id: 20403	ancien code:JJWOOD145CI	nouveau code:JJJ177263CI/JJJ
UPDATE?impossible	id: 11972	ancien code:DMORIE093H	nouveau code:JDM092507H/JDM
UPDATE?impossible	id: 20957	ancien code:KFROSE006AE	nouveau code:FIK224153AE/FIK
UPDATE?impossible	id: 21567	ancien code:DMORIE113E	nouveau code:JDM235096E/JDM
Total code onet: 0/765612
